2026-03-24 19:43:49,305 [PID 36175] INFO Stopping classic server...
2026-03-24 19:43:49,305 [PID 36175] INFO Socket is /var/folders/6v/6913x2cj10xc4z38d2sbtpv00000gn/T/pyre_server_9ce2edaf0ccf8707.sock
2026-03-24 19:43:49,305 [PID 36175] INFO No running Pyre server to stop.

2026-03-24 19:43:49,305 [PID 36175] INFO Waiting for server...
2026-03-24 19:43:49,306 [PID 36175] INFO Cannot find a running Pyre server. Starting a new one...
2026-03-24 19:43:49,306 [PID 36175] INFO No binary specified, looking for `pyre.bin` in PATH
2026-03-24 19:43:49,306 [PID 36175] INFO Pyre binary is located at `/Library/Frameworks/Python.framework/Versions/3.12/bin/pyre.bin`
2026-03-24 19:43:49,306 [PID 36175] INFO Could not determine the number of Pyre workers from configuration. Auto-set the value to 4.
2026-03-24 19:43:49,306 [PID 36175] INFO No typeshed specified, looking for it...
2026-03-24 19:43:49,306 [PID 36175] INFO Found: `/Library/Frameworks/Python.framework/Versions/3.12/lib/pyre_check/typeshed`
2026-03-24 19:43:49,307 [PID 36175] WARNING Cannot find a watchman root. Incremental check will not be functional since no filesystem updates will be sent to the Pyre server.
2026-03-24 19:43:49,307 [PID 36175] INFO Starting server at `/Users/williamzhu/Desktop/Developer/buddi`...
2026-03-24 19:43:49,307 [PID 36175] INFO Writing arguments into /var/folders/6v/6913x2cj10xc4z38d2sbtpv00000gn/T/pyre_arguments_pbijbvx1.json...
2026-03-24 19:43:49,307 [PID 36175] DEBUG Arguments:
{
  "source_paths": {
    "kind": "simple",
    "paths": [
      "/Users/williamzhu/Desktop/Developer/buddi"
    ]
  },
  "search_paths": [
    "/Library/Frameworks/Python.framework/Versions/3.12/lib/python3.12/site-packages$PyPDF2",
    "/Library/Frameworks/Python.framework/Versions/3.12/lib/python3.12/site-packages$dotenv",
    "/Library/Frameworks/Python.framework/Versions/3.12/lib/python3.12/site-packages$opentelemetry",
    "/Library/Frameworks/Python.framework/Versions/3.12/lib/python3.12/site-packages$speech_recognition",
    "/Library/Frameworks/Python.framework/Versions/3.12/lib/python3.12/site-packages$pyttsx3",
    "/Library/Frameworks/Python.framework/Versions/3.12/lib/python3.12/site-packages$googlesearch",
    "/Library/Frameworks/Python.framework/Versions/3.12/lib/python3.12/site-packages$sumy",
    "/Library/Frameworks/Python.framework/Versions/3.12/lib/python3.12/site-packages$torch",
    "/Library/Frameworks/Python.framework/Versions/3.12/lib/python3.12/site-packages$fastapi",
    "/Library/Frameworks/Python.framework/Versions/3.12/lib/python3.12/site-packages$pydantic",
    "/Library/Frameworks/Python.framework/Versions/3.12/lib/python3.12/site-packages$uvicorn",
    "/Library/Frameworks/Python.framework/Versions/3.12/lib/pyre_check/typeshed/stdlib",
    "/Library/Frameworks/Python.framework/Versions/3.12/lib/pyre_check/typeshed/stubs/ExifRead",
    "/Library/Frameworks/Python.framework/Versions/3.12/lib/pyre_check/typeshed/stubs/PyMySQL",
    "/Library/Frameworks/Python.framework/Versions/3.12/lib/pyre_check/typeshed/stubs/PyYAML",
    "/Library/Frameworks/Python.framework/Versions/3.12/lib/pyre_check/typeshed/stubs/aiofiles",
    "/Library/Frameworks/Python.framework/Versions/3.12/lib/pyre_check/typeshed/stubs/chevron",
    "/Library/Frameworks/Python.framework/Versions/3.12/lib/pyre_check/typeshed/stubs/colorama",
    "/Library/Frameworks/Python.framework/Versions/3.12/lib/pyre_check/typeshed/stubs/ldap3",
    "/Library/Frameworks/Python.framework/Versions/3.12/lib/pyre_check/typeshed/stubs/mysqlclient",
    "/Library/Frameworks/Python.framework/Versions/3.12/lib/pyre_check/typeshed/stubs/paramiko",
    "/Library/Frameworks/Python.framework/Versions/3.12/lib/pyre_check/typeshed/stubs/psycopg2",
    "/Library/Frameworks/Python.framework/Versions/3.12/lib/pyre_check/typeshed/stubs/pycurl",
    "/Library/Frameworks/Python.framework/Versions/3.12/lib/pyre_check/typeshed/stubs/python-dateutil",
    "/Library/Frameworks/Python.framework/Versions/3.12/lib/pyre_check/typeshed/stubs/pytz",
    "/Library/Frameworks/Python.framework/Versions/3.12/lib/pyre_check/typeshed/stubs/regex",
    "/Library/Frameworks/Python.framework/Versions/3.12/lib/pyre_check/typeshed/stubs/requests",
    "/Library/Frameworks/Python.framework/Versions/3.12/lib/pyre_check/typeshed/stubs/retry",
    "/Library/Frameworks/Python.framework/Versions/3.12/lib/pyre_check/typeshed/stubs/tqdm",
    "/Library/Frameworks/Python.framework/Versions/3.12/lib/pyre_check/typeshed/stubs/ujson"
  ],
  "excludes": [
    "venv/",
    "__pycache__/"
  ],
  "checked_directory_allowlist": [
    "/Users/williamzhu/Desktop/Developer/buddi"
  ],
  "checked_directory_blocklist": [],
  "extensions": [],
  "log_path": "/Users/williamzhu/Desktop/Developer/buddi/.pyre",
  "global_root": "/Users/williamzhu/Desktop/Developer/buddi",
  "debug": false,
  "python_version": {
    "major": 3,
    "minor": 12,
    "micro": 0
  },
  "system_platform": "darwin",
  "shared_memory": {},
  "parallel": true,
  "number_of_workers": 4,
  "strict": false,
  "socket_path": "/var/folders/6v/6913x2cj10xc4z38d2sbtpv00000gn/T/pyre_server_9ce2edaf0ccf8707.sock",
  "show_error_traces": false,
  "additional_logging_sections": [
    "server"
  ],
  "taint_model_paths": [],
  "store_type_check_resolution": false,
  "critical_files": [
    {
      "full_path": "/Users/williamzhu/Desktop/Developer/buddi/.pyre_configuration"
    }
  ],
  "skip_initial_type_check": false,
  "use_lazy_module_tracking": false,
  "analyze_external_sources": false
}
2026-03-24 19:43:49,330 [PID 36175] INFO Server is starting in the background.

2026-03-24 19:43:52,389 [PID 36175] PERFORMANCE  Initialized shared memory (heap size: 8589934592, dep table pow: 27, hash table pow: 26): 0.000s
2026-03-24 19:43:52,412 [PID 36175] PERFORMANCE  Initialized multiprocessing workers (workers: 4): 0.012s
2026-03-24 19:43:52,412 [PID 36175] INFO  Server has started listening on socket `/var/folders/6v/6913x2cj10xc4z38d2sbtpv00000gn/T/pyre_server_9ce2edaf0ccf8707.sock`
2026-03-24 19:43:52,412 [PID 36175] INFO  Initializing server state from scratch...
2026-03-24 19:43:52,412 [PID 36175] INFO  Building module tracker...
2026-03-24 19:43:52,893 [PID 36175] PERFORMANCE  Module tracker built: 0.491s
2026-03-24 19:43:52,906 [PID 36175] PERFORMANCE  Full environment built: 0.493s
2026-03-24 19:43:52,906 [PID 36175] INFO  Collecting all definitions...
2026-03-24 19:43:53,493 [PID 36175] INFO <unknown>:67: SyntaxWarning: invalid escape sequence '\N'
2026-03-24 19:43:53,493 [PID 36175] INFO <unknown>:82: SyntaxWarning: invalid escape sequence '\N'
2026-03-24 19:43:53,494 [PID 36175] INFO <unknown>:149: SyntaxWarning: invalid escape sequence '\N'
2026-03-24 19:43:53,494 [PID 36175] INFO <unknown>:196: SyntaxWarning: invalid escape sequence '\N'
2026-03-24 19:43:53,506 [PID 36175] INFO <unknown>:429: SyntaxWarning: invalid escape sequence '\N'
2026-03-24 19:43:53,971 [PID 36175] PERFORMANCE  Collected definitions (defines: 12079): 1.069s
2026-03-24 19:43:53,971 [PID 36175] INFO  Checking 12079 functions...
2026-03-24 19:44:00,303 [PID 36175] INFO  Processed 1510 of 12079 functions
2026-03-24 19:44:00,459 [PID 36175] INFO  Processed 3020 of 12079 functions
2026-03-24 19:44:00,508 [PID 36175] INFO  Processed 4530 of 12079 functions
2026-03-24 19:44:00,980 [PID 36175] INFO  Processed 6040 of 12079 functions
2026-03-24 19:44:04,207 [PID 36175] INFO  Processed 7550 of 12079 functions
2026-03-24 19:44:04,407 [PID 36175] INFO  Processed 9060 of 12079 functions
2026-03-24 19:44:04,880 [PID 36175] INFO  Processed 10570 of 12079 functions
2026-03-24 19:44:05,159 [PID 36175] INFO  Processed 12079 of 12079 functions
2026-03-24 19:44:05,159 [PID 36175] PERFORMANCE  Check_TypeCheck: 11.192s
2026-03-24 19:44:05,159 [PID 36175] MEMORY  Shared memory size post-typecheck (size: 40)
2026-03-24 19:44:05,159 [PID 36175] INFO  Postprocessing 786 sources...
2026-03-24 19:44:05,536 [PID 36175] INFO  Postprocessed 195 of 786 sources
2026-03-24 19:44:05,548 [PID 36175] INFO  Postprocessed 392 of 786 sources
2026-03-24 19:44:05,572 [PID 36175] INFO  Postprocessed 589 of 786 sources
2026-03-24 19:44:05,596 [PID 36175] INFO Waiting for server...
2026-03-24 19:44:05,610 [PID 36175] SERVER  Connection established
2026-03-24 19:44:05,610 [PID 36175] SERVER  Processing request (DisplayTypeError())...
2026-03-24 19:44:05,702 [PID 36175] PERFORMANCE  Server request (binary_version: 7873fbf76ce7a1f3b02a527f4e2ee8ac50ca6843, request kind: DisplayTypeErrors): 0.088s
2026-03-24 19:44:05,702 [PID 36175] SERVER  Request `(DisplayTypeError())` processed
2026-03-24 19:44:05,702 [PID 36175] SERVER  Connection closed
2026-03-24 19:44:05,951 [PID 36175] ERROR Found 3615 type errors!
